2021-07-27 21:43:09,939:INFO:Initializing load_model()
2021-07-27 21:43:09,939:INFO:load_model(model_name=et_deployed, platform=aws, authentication={'bucket': 'mlopsassignment20d070011'}, verbose=True)
2021-07-27 21:44:44,439:INFO:Initializing load_model()
2021-07-27 21:44:44,439:INFO:load_model(model_name=et_deployed, platform=None, authentication=None, verbose=False)
2021-07-27 21:44:44,562:INFO:Initializing load_model()
2021-07-27 21:44:44,562:INFO:load_model(model_name=rf_deployed, platform=aws, authentication={'bucket': 'mlopsassignment20d070011'}, verbose=True)
2021-07-27 21:45:40,952:INFO:Initializing load_model()
2021-07-27 21:45:40,952:INFO:load_model(model_name=rf_deployed, platform=None, authentication=None, verbose=False)
2021-07-27 21:49:22,935:INFO:Initializing load_model()
2021-07-27 21:49:22,935:INFO:load_model(model_name=et_deployed, platform=aws, authentication={'bucket': 'mlopsassignment20d070011'}, verbose=True)
2021-07-27 21:50:12,763:INFO:Initializing load_model()
2021-07-27 21:50:12,763:INFO:load_model(model_name=et_deployed, platform=None, authentication=None, verbose=False)
2021-07-27 21:50:12,869:INFO:Initializing load_model()
2021-07-27 21:50:12,869:INFO:load_model(model_name=rf_deployed, platform=aws, authentication={'bucket': 'mlopsassignment20d070011'}, verbose=True)
2021-07-27 21:51:09,608:INFO:Initializing load_model()
2021-07-27 21:51:09,608:INFO:load_model(model_name=rf_deployed, platform=None, authentication=None, verbose=False)
2021-07-27 22:00:45,025:INFO:Initializing load_model()
2021-07-27 22:00:45,039:INFO:load_model(model_name=et_deployed, platform=aws, authentication={'bucket': 'mlopsassignment20d070011'}, verbose=True)
2021-07-27 22:01:42,444:INFO:Initializing load_model()
2021-07-27 22:01:42,444:INFO:load_model(model_name=et_deployed, platform=None, authentication=None, verbose=False)
2021-07-27 22:01:42,581:INFO:Initializing load_model()
2021-07-27 22:01:42,581:INFO:load_model(model_name=rf_deployed, platform=aws, authentication={'bucket': 'mlopsassignment20d070011'}, verbose=True)
2021-07-27 22:02:47,891:INFO:Initializing load_model()
2021-07-27 22:02:47,892:INFO:load_model(model_name=rf_deployed, platform=None, authentication=None, verbose=False)
2021-07-27 22:04:14,372:INFO:Initializing predict_model()
2021-07-27 22:04:14,372:INFO:predict_model(estimator=Pipeline(steps=[('dtypes',
                 DataTypes_Auto_infer(features_todrop=['Time'],
                                      ml_usecase='classification',
                                      target='Class')),
                ('imputer',
                 Simple_Imputer(categorical_strategy='not_available',
                                fill_value_categorical=None,
                                fill_value_numerical=None,
                                numeric_strategy='mean',
                                target_variable=None)),
                ('new_levels1',
                 New_Catagorical_Levels_in_TestData(replacement_strateg...
                 Fix_multicollinearity(correlation_with_target_preference=None,
                                       target_variable='Class',
                                       threshold=0.95)),
                ('dfs', 'passthrough'), ('pca', 'passthrough'),
                ['trained_model',
                 ExtraTreesClassifier(bootstrap=True,
                                      class_weight='balanced_subsample',
                                      criterion='entropy', max_depth=4,
                                      max_features='log2',
                                      min_impurity_decrease=0.0002,
                                      min_samples_leaf=5, min_samples_split=9,
                                      n_estimators=130, n_jobs=-1,
                                      random_state=123)]]), probability_threshold=None, encoded_labels=False, raw_score=False, round=4, verbose=True, ml_usecase=MLUsecase.CLASSIFICATION, display=None)
2021-07-27 22:04:14,372:INFO:Checking exceptions
2021-07-27 22:04:14,372:INFO:Preloading libraries
